<?xml version="1.0" encoding="UTF-8"?>
<testng-results ignored="0" total="2" passed="2" failed="0" skipped="0">
  <reporter-output>
  </reporter-output>
  <suite started-at="2025-07-22T00:44:52 IST" name="CrossBrowser Suite" finished-at="2025-07-22T00:45:08 IST" duration-ms="15902">
    <groups>
      <group name="cucumber">
        <method signature="AbstractTestNGCucumberTests.runScenario(io.cucumber.testng.PickleWrapper,io.cucumber.testng.FeatureWrapper)[pri:0, instance:runner.RedbusTestRunner@3c989952]" name="runScenario" class="io.cucumber.testng.AbstractTestNGCucumberTests"/>
        <method signature="AbstractTestNGCucumberTests.runScenario(io.cucumber.testng.PickleWrapper,io.cucumber.testng.FeatureWrapper)[pri:0, instance:runner.RedbusTestRunner@7516e4e5]" name="runScenario" class="io.cucumber.testng.AbstractTestNGCucumberTests"/>
      </group> <!-- cucumber -->
    </groups>
    <test started-at="2025-07-22T00:44:52 IST" name="Edge Test" finished-at="2025-07-22T00:45:08 IST" duration-ms="15902">
      <class name="runner.RedbusTestRunner">
        <test-method is-config="true" signature="setBrowser(java.lang.String)[pri:0, instance:runner.RedbusTestRunner@7516e4e5]" started-at="2025-07-22T00:44:52 IST" name="setBrowser" finished-at="2025-07-22T00:44:52 IST" duration-ms="36" status="PASS">
          <params>
            <param index="0">
              <value>
                <![CDATA[edge]]>
              </value>
            </param>
          </params>
          <reporter-output>
          </reporter-output>
        </test-method> <!-- setBrowser -->
        <test-method is-config="true" signature="setUpClass(org.testng.ITestContext)[pri:0, instance:runner.RedbusTestRunner@7516e4e5]" started-at="2025-07-22T00:44:52 IST" name="setUpClass" finished-at="2025-07-22T00:44:53 IST" duration-ms="602" status="PASS">
          <params>
            <param index="0">
              <value>
                <![CDATA[org.testng.TestRunner@609640d5]]>
              </value>
            </param>
          </params>
          <reporter-output>
          </reporter-output>
        </test-method> <!-- setUpClass -->
        <test-method is-config="true" signature="beforeClassLogging()[pri:0, instance:runner.RedbusTestRunner@7516e4e5]" started-at="2025-07-22T00:44:53 IST" name="beforeClassLogging" finished-at="2025-07-22T00:44:53 IST" duration-ms="2" status="PASS">
          <reporter-output>
          </reporter-output>
        </test-method> <!-- beforeClassLogging -->
        <test-method signature="runScenario(io.cucumber.testng.PickleWrapper,io.cucumber.testng.FeatureWrapper)[pri:0, instance:runner.RedbusTestRunner@7516e4e5]" started-at="2025-07-22T00:44:53 IST" name="runScenario" description="Runs Cucumber Scenarios" data-provider="scenarios" finished-at="2025-07-22T00:45:08 IST" duration-ms="15060" status="PASS">
          <params>
            <param index="0">
              <value>
                <![CDATA["User searches for buses and fills booking details"]]>
              </value>
            </param>
            <param index="1">
              <value>
                <![CDATA["Redbus Booking Functionality"]]>
              </value>
            </param>
          </params>
          <reporter-output>
          </reporter-output>
        </test-method> <!-- runScenario -->
        <test-method is-config="true" signature="teardown()[pri:0, instance:runner.RedbusTestRunner@7516e4e5]" started-at="2025-07-22T00:45:08 IST" name="teardown" finished-at="2025-07-22T00:45:08 IST" duration-ms="40" status="PASS">
          <reporter-output>
          </reporter-output>
        </test-method> <!-- teardown -->
        <test-method is-config="true" signature="tearDownClass()[pri:0, instance:runner.RedbusTestRunner@7516e4e5]" started-at="2025-07-22T00:45:08 IST" name="tearDownClass" finished-at="2025-07-22T00:45:08 IST" duration-ms="100" status="PASS">
          <reporter-output>
          </reporter-output>
        </test-method> <!-- tearDownClass -->
      </class> <!-- runner.RedbusTestRunner -->
    </test> <!-- Edge Test -->
    <test started-at="2025-07-22T00:44:52 IST" name="Chrome Test" finished-at="2025-07-22T00:45:08 IST" duration-ms="15902">
      <class name="runner.RedbusTestRunner">
        <test-method is-config="true" signature="setBrowser(java.lang.String)[pri:0, instance:runner.RedbusTestRunner@3c989952]" started-at="2025-07-22T00:44:52 IST" name="setBrowser" finished-at="2025-07-22T00:44:52 IST" duration-ms="36" status="PASS">
          <params>
            <param index="0">
              <value>
                <![CDATA[chrome]]>
              </value>
            </param>
          </params>
          <reporter-output>
          </reporter-output>
        </test-method> <!-- setBrowser -->
        <test-method is-config="true" signature="setUpClass(org.testng.ITestContext)[pri:0, instance:runner.RedbusTestRunner@3c989952]" started-at="2025-07-22T00:44:52 IST" name="setUpClass" finished-at="2025-07-22T00:44:53 IST" duration-ms="602" status="PASS">
          <params>
            <param index="0">
              <value>
                <![CDATA[org.testng.TestRunner@435871cb]]>
              </value>
            </param>
          </params>
          <reporter-output>
          </reporter-output>
        </test-method> <!-- setUpClass -->
        <test-method is-config="true" signature="beforeClassLogging()[pri:0, instance:runner.RedbusTestRunner@3c989952]" started-at="2025-07-22T00:44:53 IST" name="beforeClassLogging" finished-at="2025-07-22T00:44:53 IST" duration-ms="3" status="PASS">
          <reporter-output>
          </reporter-output>
        </test-method> <!-- beforeClassLogging -->
        <test-method signature="runScenario(io.cucumber.testng.PickleWrapper,io.cucumber.testng.FeatureWrapper)[pri:0, instance:runner.RedbusTestRunner@3c989952]" started-at="2025-07-22T00:44:53 IST" name="runScenario" description="Runs Cucumber Scenarios" data-provider="scenarios" finished-at="2025-07-22T00:45:08 IST" duration-ms="15072" status="PASS">
          <params>
            <param index="0">
              <value>
                <![CDATA["User searches for buses and fills booking details"]]>
              </value>
            </param>
            <param index="1">
              <value>
                <![CDATA["Redbus Booking Functionality"]]>
              </value>
            </param>
          </params>
          <reporter-output>
          </reporter-output>
        </test-method> <!-- runScenario -->
        <test-method is-config="true" signature="teardown()[pri:0, instance:runner.RedbusTestRunner@3c989952]" started-at="2025-07-22T00:45:08 IST" name="teardown" finished-at="2025-07-22T00:45:08 IST" duration-ms="36" status="PASS">
          <reporter-output>
          </reporter-output>
        </test-method> <!-- teardown -->
        <test-method is-config="true" signature="tearDownClass()[pri:0, instance:runner.RedbusTestRunner@3c989952]" started-at="2025-07-22T00:45:08 IST" name="tearDownClass" finished-at="2025-07-22T00:45:08 IST" duration-ms="99" status="PASS">
          <reporter-output>
          </reporter-output>
        </test-method> <!-- tearDownClass -->
      </class> <!-- runner.RedbusTestRunner -->
    </test> <!-- Chrome Test -->
  </suite> <!-- CrossBrowser Suite -->
</testng-results>
